Started GET "/" for 127.0.0.1 at 2023-06-14 13:49:44 +0300
Processing by Rails::WelcomeController#index as HTML
  Rendering C:/Ruby32-x64/lib/ruby/gems/3.2.0/gems/railties-7.0.5/lib/rails/templates/rails/welcome/index.html.erb
  Rendered C:/Ruby32-x64/lib/ruby/gems/3.2.0/gems/railties-7.0.5/lib/rails/templates/rails/welcome/index.html.erb (Duration: 27.1ms | Allocations: 695)
Completed 200 OK in 311ms (Views: 68.5ms | ActiveRecord: 0.0ms | Allocations: 8222)


  [1m[35m (38.4ms)[0m  [1m[35mCREATE TABLE "schema_migrations" ("version" character varying NOT NULL PRIMARY KEY)[0m
  [1m[35m (19.6ms)[0m  [1m[35mCREATE TABLE "ar_internal_metadata" ("key" character varying NOT NULL PRIMARY KEY, "value" character varying, "created_at" timestamp(6) NOT NULL, "updated_at" timestamp(6) NOT NULL)[0m
  [1m[35m (1.2ms)[0m  [1m[34mSELECT pg_try_advisory_lock(441951865080226935)[0m
  [1m[36mActiveRecord::SchemaMigration Pluck (1.6ms)[0m  [1m[34mSELECT "schema_migrations"."version" FROM "schema_migrations" ORDER BY "schema_migrations"."version" ASC[0m
Migrating to CreateSchema (20230614152404)
  [1m[36mTRANSACTION (0.7ms)[0m  [1m[35mBEGIN[0m
  [1m[35mSQL (1.1ms)[0m  [1m[35mCREATE EXTENSION IF NOT EXISTS "plpgsql"[0m
  [1m[35m (22.5ms)[0m  [1m[35mCREATE TABLE "comments" ("id" bigserial primary key, "user_id" bigint NOT NULL, "post_id" bigint NOT NULL, "text" text, "created_at" timestamp(6) NOT NULL, "updated_at" timestamp(6) NOT NULL)[0m
  [1m[35m (10.1ms)[0m  [1m[35mCREATE TABLE "likes" ("id" bigserial primary key, "user_id" bigint NOT NULL, "post_id" bigint NOT NULL, "created_at" timestamp(6) NOT NULL, "updated_at" timestamp(6) NOT NULL)[0m
  [1m[35m (23.8ms)[0m  [1m[35mCREATE TABLE "posts" ("id" bigserial primary key, "author_id" bigint NOT NULL, "title" character varying, "text" text, "comments_counter" integer DEFAULT 0, "likes_counter" integer DEFAULT 0, "created_at" timestamp(6) NOT NULL, "updated_at" timestamp(6) NOT NULL)[0m
  [1m[35m (16.6ms)[0m  [1m[35mCREATE TABLE "users" ("id" bigserial primary key, "name" character varying, "photo" character varying, "bio" text, "posts_counter" integer DEFAULT 0, "created_at" timestamp(6) NOT NULL, "updated_at" timestamp(6) NOT NULL)[0m
  [1m[35m (10.5ms)[0m  [1m[35mALTER TABLE "comments" ADD CONSTRAINT "fk_rails_2fd19c0db7"
FOREIGN KEY ("post_id")
  REFERENCES "posts" ("id")
[0m
  [1m[35m (4.5ms)[0m  [1m[35mALTER TABLE "comments" ADD CONSTRAINT "fk_rails_03de2dc08c"
FOREIGN KEY ("user_id")
  REFERENCES "users" ("id")
[0m
  [1m[35m (4.9ms)[0m  [1m[35mALTER TABLE "likes" ADD CONSTRAINT "fk_rails_87a8aac469"
FOREIGN KEY ("post_id")
  REFERENCES "posts" ("id")
[0m
  [1m[35m (2.6ms)[0m  [1m[35mALTER TABLE "likes" ADD CONSTRAINT "fk_rails_1e09b5dabf"
FOREIGN KEY ("user_id")
  REFERENCES "users" ("id")
[0m
  [1m[35m (2.3ms)[0m  [1m[35mALTER TABLE "posts" ADD CONSTRAINT "fk_rails_04d13ef8c7"
FOREIGN KEY ("author_id")
  REFERENCES "users" ("id")
[0m
  [1m[36mActiveRecord::SchemaMigration Create (1.5ms)[0m  [1m[32mINSERT INTO "schema_migrations" ("version") VALUES ($1) RETURNING "version"[0m  [["version", "20230614152404"]]
  [1m[36mTRANSACTION (4.5ms)[0m  [1m[35mCOMMIT[0m
  [1m[36mActiveRecord::InternalMetadata Load (1.1ms)[0m  [1m[34mSELECT "ar_internal_metadata".* FROM "ar_internal_metadata" WHERE "ar_internal_metadata"."key" = $1 LIMIT $2[0m  [["key", "environment"], ["LIMIT", 1]]
  [1m[36mTRANSACTION (0.4ms)[0m  [1m[35mBEGIN[0m
  [1m[36mActiveRecord::InternalMetadata Create (21.4ms)[0m  [1m[32mINSERT INTO "ar_internal_metadata" ("key", "value", "created_at", "updated_at") VALUES ($1, $2, $3, $4) RETURNING "key"[0m  [["key", "environment"], ["value", "development"], ["created_at", "2023-06-14 15:58:05.711526"], ["updated_at", "2023-06-14 15:58:05.711526"]]
  [1m[36mTRANSACTION (0.6ms)[0m  [1m[35mCOMMIT[0m
  [1m[35m (0.9ms)[0m  [1m[34mSELECT pg_advisory_unlock(441951865080226935)[0m
  [1m[36mActiveRecord::SchemaMigration Pluck (2.0ms)[0m  [1m[34mSELECT "schema_migrations"."version" FROM "schema_migrations" ORDER BY "schema_migrations"."version" ASC[0m
  [1m[35m (3.2ms)[0m  [1m[34mSELECT pg_try_advisory_lock(586353752304064290)[0m
  [1m[36mActiveRecord::SchemaMigration Pluck (2.9ms)[0m  [1m[34mSELECT "schema_migrations"."version" FROM "schema_migrations" ORDER BY "schema_migrations"."version" ASC[0m
Migrating to CreateUsers (20230615173643)
  [1m[36mTRANSACTION (0.4ms)[0m  [1m[35mBEGIN[0m
  [1m[35m (25.9ms)[0m  [1m[35mCREATE TABLE "users" ("id" bigserial primary key, "name" character varying, "photo" character varying, "bio" text, "posts_counter" integer, "created_at" timestamp(6) NOT NULL, "updated_at" timestamp(6) NOT NULL)[0m
  [1m[36mTRANSACTION (0.3ms)[0m  [1m[31mROLLBACK[0m
  [1m[35m (0.5ms)[0m  [1m[34mSELECT pg_advisory_unlock(586353752304064290)[0m
  [1m[35m (22.0ms)[0m  [1m[35mCREATE TABLE "schema_migrations" ("version" character varying NOT NULL PRIMARY KEY)[0m
  [1m[35m (3.4ms)[0m  [1m[34mSELECT pg_try_advisory_lock(586353752304064290)[0m
  [1m[36mActiveRecord::SchemaMigration Pluck (2.4ms)[0m  [1m[34mSELECT "schema_migrations"."version" FROM "schema_migrations" ORDER BY "schema_migrations"."version" ASC[0m
Migrating to CreateUsers (20230615173643)
  [1m[36mTRANSACTION (0.3ms)[0m  [1m[35mBEGIN[0m
  [1m[35m (160.1ms)[0m  [1m[35mCREATE TABLE "users" ("id" bigserial primary key, "name" character varying, "photo" character varying, "bio" text, "posts_counter" integer, "created_at" timestamp(6) NOT NULL, "updated_at" timestamp(6) NOT NULL)[0m
  [1m[36mActiveRecord::SchemaMigration Create (3.7ms)[0m  [1m[32mINSERT INTO "schema_migrations" ("version") VALUES ($1) RETURNING "version"[0m  [["version", "20230615173643"]]
  [1m[36mTRANSACTION (0.6ms)[0m  [1m[35mCOMMIT[0m
Migrating to CreatePost (20230615173744)
  [1m[35m (0.6ms)[0m  [1m[34mSELECT pg_advisory_unlock(586353752304064290)[0m
  [1m[35m (23.1ms)[0m  [1m[35mCREATE TABLE "schema_migrations" ("version" character varying NOT NULL PRIMARY KEY)[0m
  [1m[35m (10.1ms)[0m  [1m[35mCREATE TABLE "ar_internal_metadata" ("key" character varying NOT NULL PRIMARY KEY, "value" character varying, "created_at" timestamp(6) NOT NULL, "updated_at" timestamp(6) NOT NULL)[0m
  [1m[35m (1.0ms)[0m  [1m[34mSELECT pg_try_advisory_lock(586353752304064290)[0m
  [1m[36mActiveRecord::SchemaMigration Pluck (2.4ms)[0m  [1m[34mSELECT "schema_migrations"."version" FROM "schema_migrations" ORDER BY "schema_migrations"."version" ASC[0m
Migrating to CreateUsers (20230617122958)
  [1m[36mTRANSACTION (0.4ms)[0m  [1m[35mBEGIN[0m
  [1m[35m (20.1ms)[0m  [1m[35mCREATE TABLE "users" ("id" bigserial primary key, "name" character varying, "photo" character varying, "bio" text, "posts_counter" integer, "created_at" timestamp(6) NOT NULL, "updated_at" timestamp(6) NOT NULL)[0m
  [1m[36mActiveRecord::SchemaMigration Create (3.4ms)[0m  [1m[32mINSERT INTO "schema_migrations" ("version") VALUES ($1) RETURNING "version"[0m  [["version", "20230617122958"]]
  [1m[36mTRANSACTION (2.3ms)[0m  [1m[35mCOMMIT[0m
Migrating to CreatePosts (20230617124322)
  [1m[36mTRANSACTION (0.6ms)[0m  [1m[35mBEGIN[0m
  [1m[35m (36.8ms)[0m  [1m[35mCREATE TABLE "posts" ("id" bigserial primary key, "author_id" integer, "title" text, "text" text, "comments_counter" integer, "likes_counter" integer, "created_at" timestamp(6) NOT NULL, "updated_at" timestamp(6) NOT NULL)[0m
  [1m[35m (12.7ms)[0m  [1m[35mALTER TABLE "posts" ADD CONSTRAINT "fk_rails_04d13ef8c7"
FOREIGN KEY ("author_id")
  REFERENCES "users" ("id")
[0m
  [1m[35m (5.0ms)[0m  [1m[35mCREATE INDEX "index_posts_on_author_id" ON "posts" ("author_id")[0m
  [1m[36mActiveRecord::SchemaMigration Create (0.6ms)[0m  [1m[32mINSERT INTO "schema_migrations" ("version") VALUES ($1) RETURNING "version"[0m  [["version", "20230617124322"]]
  [1m[36mTRANSACTION (1.0ms)[0m  [1m[35mCOMMIT[0m
Migrating to CreateLikes (20230617124451)
  [1m[36mTRANSACTION (0.8ms)[0m  [1m[35mBEGIN[0m
  [1m[35m (14.1ms)[0m  [1m[35mCREATE TABLE "likes" ("id" bigserial primary key, "author_id" integer, "post_id" integer, "created_at" timestamp(6) NOT NULL, "updated_at" timestamp(6) NOT NULL)[0m
  [1m[35m (2.1ms)[0m  [1m[35mALTER TABLE "likes" ADD CONSTRAINT "fk_rails_1f2302367a"
FOREIGN KEY ("author_id")
  REFERENCES "users" ("id")
[0m
  [1m[35m (5.0ms)[0m  [1m[35mALTER TABLE "likes" ADD CONSTRAINT "fk_rails_87a8aac469"
FOREIGN KEY ("post_id")
  REFERENCES "posts" ("id")
[0m
  [1m[35m (4.4ms)[0m  [1m[35mCREATE INDEX "index_likes_on_author_id" ON "likes" ("author_id")[0m
  [1m[35m (4.3ms)[0m  [1m[35mCREATE INDEX "index_likes_on_post_id" ON "likes" ("post_id")[0m
  [1m[36mActiveRecord::SchemaMigration Create (2.7ms)[0m  [1m[32mINSERT INTO "schema_migrations" ("version") VALUES ($1) RETURNING "version"[0m  [["version", "20230617124451"]]
  [1m[36mTRANSACTION (0.8ms)[0m  [1m[35mCOMMIT[0m
Migrating to CreateComments (20230617124702)
  [1m[36mTRANSACTION (0.8ms)[0m  [1m[35mBEGIN[0m
  [1m[35m (15.7ms)[0m  [1m[35mCREATE TABLE "comments" ("id" bigserial primary key, "author_id" integer, "post_id" integer, "text" text, "created_at" timestamp(6) NOT NULL, "updated_at" timestamp(6) NOT NULL)[0m
  [1m[35m (2.3ms)[0m  [1m[35mALTER TABLE "comments" ADD CONSTRAINT "fk_rails_f44b1e3c8a"
FOREIGN KEY ("author_id")
  REFERENCES "users" ("id")
[0m
  [1m[35m (2.4ms)[0m  [1m[35mALTER TABLE "comments" ADD CONSTRAINT "fk_rails_2fd19c0db7"
FOREIGN KEY ("post_id")
  REFERENCES "posts" ("id")
[0m
  [1m[35m (5.6ms)[0m  [1m[35mCREATE INDEX "index_comments_on_author_id" ON "comments" ("author_id")[0m
  [1m[35m (3.5ms)[0m  [1m[35mCREATE INDEX "index_comments_on_post_id" ON "comments" ("post_id")[0m
  [1m[36mActiveRecord::SchemaMigration Create (1.7ms)[0m  [1m[32mINSERT INTO "schema_migrations" ("version") VALUES ($1) RETURNING "version"[0m  [["version", "20230617124702"]]
  [1m[36mTRANSACTION (2.6ms)[0m  [1m[35mCOMMIT[0m
  [1m[36mActiveRecord::InternalMetadata Load (3.3ms)[0m  [1m[34mSELECT "ar_internal_metadata".* FROM "ar_internal_metadata" WHERE "ar_internal_metadata"."key" = $1 LIMIT $2[0m  [["key", "environment"], ["LIMIT", 1]]
  [1m[36mTRANSACTION (0.7ms)[0m  [1m[35mBEGIN[0m
  [1m[36mActiveRecord::InternalMetadata Create (3.4ms)[0m  [1m[32mINSERT INTO "ar_internal_metadata" ("key", "value", "created_at", "updated_at") VALUES ($1, $2, $3, $4) RETURNING "key"[0m  [["key", "environment"], ["value", "development"], ["created_at", "2023-06-17 12:53:05.274562"], ["updated_at", "2023-06-17 12:53:05.274562"]]
  [1m[36mTRANSACTION (0.9ms)[0m  [1m[35mCOMMIT[0m
  [1m[35m (0.7ms)[0m  [1m[34mSELECT pg_advisory_unlock(586353752304064290)[0m
  [1m[36mActiveRecord::SchemaMigration Pluck (1.5ms)[0m  [1m[34mSELECT "schema_migrations"."version" FROM "schema_migrations" ORDER BY "schema_migrations"."version" ASC[0m
  [1m[35m (0.5ms)[0m  [1m[34mSELECT pg_try_advisory_lock(586353752304064290)[0m
  [1m[36mActiveRecord::SchemaMigration Pluck (1.4ms)[0m  [1m[34mSELECT "schema_migrations"."version" FROM "schema_migrations" ORDER BY "schema_migrations"."version" ASC[0m
Migrating to RenameAuthorIdToUserIdInLikesAndComments (20230617125650)
  [1m[36mTRANSACTION (0.4ms)[0m  [1m[35mBEGIN[0m
  [1m[35m (3.6ms)[0m  [1m[35mCREATE UNIQUE INDEX "index_posts_on_author_id" ON "posts" ("author_id")[0m
  [1m[36mTRANSACTION (0.5ms)[0m  [1m[31mROLLBACK[0m
  [1m[35m (1.1ms)[0m  [1m[34mSELECT pg_advisory_unlock(586353752304064290)[0m
  [1m[36mTRANSACTION (0.3ms)[0m  [1m[35mBEGIN[0m
  [1m[36mTRANSACTION (0.3ms)[0m  [1m[35mSAVEPOINT active_record_1[0m
  [1m[36mUser Create (3.5ms)[0m  [1m[32mINSERT INTO "users" ("name", "photo", "bio", "posts_counter", "created_at", "updated_at") VALUES ($1, $2, $3, $4, $5, $6) RETURNING "id"[0m  [["name", "Tom"], ["photo", "https://unsplash.com/photos/F_-0BxGuVvo"], ["bio", "Teacher from Mexico."], ["posts_counter", nil], ["created_at", "2023-06-17 13:02:24.533439"], ["updated_at", "2023-06-17 13:02:24.533439"]]
  [1m[36mTRANSACTION (0.3ms)[0m  [1m[35mRELEASE SAVEPOINT active_record_1[0m
  [1m[36mTRANSACTION (0.3ms)[0m  [1m[35mSAVEPOINT active_record_1[0m
  [1m[36mUser Create (1.0ms)[0m  [1m[32mINSERT INTO "users" ("name", "photo", "bio", "posts_counter", "created_at", "updated_at") VALUES ($1, $2, $3, $4, $5, $6) RETURNING "id"[0m  [["name", "Lilly"], ["photo", "https://unsplash.com/photos/F_-0BxGuVvo"], ["bio", "Teacher from Poland."], ["posts_counter", nil], ["created_at", "2023-06-17 13:02:33.192327"], ["updated_at", "2023-06-17 13:02:33.192327"]]
  [1m[36mTRANSACTION (0.4ms)[0m  [1m[35mRELEASE SAVEPOINT active_record_1[0m
  [1m[36mTRANSACTION (0.3ms)[0m  [1m[35mSAVEPOINT active_record_1[0m
  [1m[36mPost Create (6.5ms)[0m  [1m[32mINSERT INTO "posts" ("author_id", "title", "text", "comments_counter", "likes_counter", "created_at", "updated_at") VALUES ($1, $2, $3, $4, $5, $6, $7) RETURNING "id"[0m  [["author_id", 1], ["title", "Hello"], ["text", "This is my first post"], ["comments_counter", nil], ["likes_counter", nil], ["created_at", "2023-06-17 13:05:50.921589"], ["updated_at", "2023-06-17 13:05:50.921589"]]
  [1m[36mUser Update All (5.3ms)[0m  [1m[33mUPDATE "users" SET "posts_counter" = COALESCE("posts_counter", 0) + $1 WHERE "users"."id" = $2[0m  [["posts_counter", 1], ["id", 1]]
  [1m[36mUser Update All (0.8ms)[0m  [1m[33mUPDATE "users" SET "posts_counter" = COALESCE("posts_counter", 0) + $1 WHERE "users"."id" = $2[0m  [["posts_counter", 1], ["id", 1]]
  [1m[36mTRANSACTION (0.4ms)[0m  [1m[35mRELEASE SAVEPOINT active_record_1[0m
  [1m[36mTRANSACTION (0.5ms)[0m  [1m[35mSAVEPOINT active_record_1[0m
  [1m[36mPost Create (0.9ms)[0m  [1m[32mINSERT INTO "posts" ("author_id", "title", "text", "comments_counter", "likes_counter", "created_at", "updated_at") VALUES ($1, $2, $3, $4, $5, $6, $7) RETURNING "id"[0m  [["author_id", 1], ["title", "My Second Post"], ["text", "This is my second post"], ["comments_counter", nil], ["likes_counter", nil], ["created_at", "2023-06-17 13:05:51.177423"], ["updated_at", "2023-06-17 13:05:51.177423"]]
  [1m[36mUser Update All (0.9ms)[0m  [1m[33mUPDATE "users" SET "posts_counter" = COALESCE("posts_counter", 0) + $1 WHERE "users"."id" = $2[0m  [["posts_counter", 1], ["id", 1]]
  [1m[36mUser Update All (0.7ms)[0m  [1m[33mUPDATE "users" SET "posts_counter" = COALESCE("posts_counter", 0) + $1 WHERE "users"."id" = $2[0m  [["posts_counter", 1], ["id", 1]]
  [1m[36mTRANSACTION (0.4ms)[0m  [1m[35mRELEASE SAVEPOINT active_record_1[0m
  [1m[36mTRANSACTION (0.7ms)[0m  [1m[35mSAVEPOINT active_record_1[0m
  [1m[36mPost Create (1.2ms)[0m  [1m[32mINSERT INTO "posts" ("author_id", "title", "text", "comments_counter", "likes_counter", "created_at", "updated_at") VALUES ($1, $2, $3, $4, $5, $6, $7) RETURNING "id"[0m  [["author_id", 1], ["title", "Post Number Three"], ["text", "This is my third post"], ["comments_counter", nil], ["likes_counter", nil], ["created_at", "2023-06-17 13:05:51.358942"], ["updated_at", "2023-06-17 13:05:51.358942"]]
  [1m[36mUser Update All (0.8ms)[0m  [1m[33mUPDATE "users" SET "posts_counter" = COALESCE("posts_counter", 0) + $1 WHERE "users"."id" = $2[0m  [["posts_counter", 1], ["id", 1]]
  [1m[36mUser Update All (0.6ms)[0m  [1m[33mUPDATE "users" SET "posts_counter" = COALESCE("posts_counter", 0) + $1 WHERE "users"."id" = $2[0m  [["posts_counter", 1], ["id", 1]]
  [1m[36mTRANSACTION (0.3ms)[0m  [1m[35mRELEASE SAVEPOINT active_record_1[0m
  [1m[36mTRANSACTION (0.3ms)[0m  [1m[35mSAVEPOINT active_record_1[0m
  [1m[36mPost Create (1.0ms)[0m  [1m[32mINSERT INTO "posts" ("author_id", "title", "text", "comments_counter", "likes_counter", "created_at", "updated_at") VALUES ($1, $2, $3, $4, $5, $6, $7) RETURNING "id"[0m  [["author_id", 1], ["title", "Another Post"], ["text", "This is another post by me"], ["comments_counter", nil], ["likes_counter", nil], ["created_at", "2023-06-17 13:05:51.549253"], ["updated_at", "2023-06-17 13:05:51.549253"]]
  [1m[36mUser Update All (0.8ms)[0m  [1m[33mUPDATE "users" SET "posts_counter" = COALESCE("posts_counter", 0) + $1 WHERE "users"."id" = $2[0m  [["posts_counter", 1], ["id", 1]]
  [1m[36mUser Update All (0.7ms)[0m  [1m[33mUPDATE "users" SET "posts_counter" = COALESCE("posts_counter", 0) + $1 WHERE "users"."id" = $2[0m  [["posts_counter", 1], ["id", 1]]
  [1m[36mTRANSACTION (0.4ms)[0m  [1m[35mRELEASE SAVEPOINT active_record_1[0m
  [1m[36mTRANSACTION (0.5ms)[0m  [1m[35mSAVEPOINT active_record_1[0m
  [1m[36mPost Create (3.0ms)[0m  [1m[32mINSERT INTO "posts" ("author_id", "title", "text", "comments_counter", "likes_counter", "created_at", "updated_at") VALUES ($1, $2, $3, $4, $5, $6, $7) RETURNING "id"[0m  [["author_id", 1], ["title", "Final Post"], ["text", "This is my final post"], ["comments_counter", nil], ["likes_counter", nil], ["created_at", "2023-06-17 13:05:51.560973"], ["updated_at", "2023-06-17 13:05:51.560973"]]
  [1m[36mUser Update All (1.6ms)[0m  [1m[33mUPDATE "users" SET "posts_counter" = COALESCE("posts_counter", 0) + $1 WHERE "users"."id" = $2[0m  [["posts_counter", 1], ["id", 1]]
  [1m[36mUser Update All (2.3ms)[0m  [1m[33mUPDATE "users" SET "posts_counter" = COALESCE("posts_counter", 0) + $1 WHERE "users"."id" = $2[0m  [["posts_counter", 1], ["id", 1]]
  [1m[36mTRANSACTION (0.4ms)[0m  [1m[35mRELEASE SAVEPOINT active_record_1[0m
  [1m[36mTRANSACTION (0.3ms)[0m  [1m[35mSAVEPOINT active_record_1[0m
  [1m[36mComment Create (3.7ms)[0m  [1m[32mINSERT INTO "comments" ("author_id", "post_id", "text", "created_at", "updated_at") VALUES ($1, $2, $3, $4, $5) RETURNING "id"[0m  [["author_id", 2], ["post_id", 1], ["text", "Hi Tom!"], ["created_at", "2023-06-17 13:07:06.804370"], ["updated_at", "2023-06-17 13:07:06.804370"]]
  [1m[36mComment Count (6.3ms)[0m  [1m[34mSELECT COUNT(*) FROM "comments" WHERE "comments"."post_id" = $1[0m  [["post_id", 1]]
  [1m[36mPost Update (0.8ms)[0m  [1m[33mUPDATE "posts" SET "comments_counter" = $1, "updated_at" = $2 WHERE "posts"."id" = $3[0m  [["comments_counter", 1], ["updated_at", "2023-06-17 13:07:06.855984"], ["id", 1]]
  [1m[36mUser Update All (0.5ms)[0m  [1m[33mUPDATE "users" SET "posts_counter" = COALESCE("posts_counter", 0) + $1 WHERE "users"."id" = $2[0m  [["posts_counter", 1], ["id", 1]]
  [1m[36mTRANSACTION (0.5ms)[0m  [1m[35mRELEASE SAVEPOINT active_record_1[0m
  [1m[36mTRANSACTION (0.4ms)[0m  [1m[35mSAVEPOINT active_record_1[0m
  [1m[36mComment Create (1.3ms)[0m  [1m[32mINSERT INTO "comments" ("author_id", "post_id", "text", "created_at", "updated_at") VALUES ($1, $2, $3, $4, $5) RETURNING "id"[0m  [["author_id", 2], ["post_id", 1], ["text", "Great post!"], ["created_at", "2023-06-17 13:07:07.077769"], ["updated_at", "2023-06-17 13:07:07.077769"]]
  [1m[36mComment Count (0.8ms)[0m  [1m[34mSELECT COUNT(*) FROM "comments" WHERE "comments"."post_id" = $1[0m  [["post_id", 1]]
  [1m[36mPost Update (0.6ms)[0m  [1m[33mUPDATE "posts" SET "comments_counter" = $1, "updated_at" = $2 WHERE "posts"."id" = $3[0m  [["comments_counter", 2], ["updated_at", "2023-06-17 13:07:07.089128"], ["id", 1]]
  [1m[36mUser Update All (0.5ms)[0m  [1m[33mUPDATE "users" SET "posts_counter" = COALESCE("posts_counter", 0) + $1 WHERE "users"."id" = $2[0m  [["posts_counter", 1], ["id", 1]]
  [1m[36mTRANSACTION (0.4ms)[0m  [1m[35mRELEASE SAVEPOINT active_record_1[0m
  [1m[36mTRANSACTION (0.3ms)[0m  [1m[35mSAVEPOINT active_record_1[0m
  [1m[36mComment Create (2.3ms)[0m  [1m[32mINSERT INTO "comments" ("author_id", "post_id", "text", "created_at", "updated_at") VALUES ($1, $2, $3, $4, $5) RETURNING "id"[0m  [["author_id", 2], ["post_id", 1], ["text", "I enjoyed reading this."], ["created_at", "2023-06-17 13:07:07.196692"], ["updated_at", "2023-06-17 13:07:07.196692"]]
  [1m[36mComment Count (0.9ms)[0m  [1m[34mSELECT COUNT(*) FROM "comments" WHERE "comments"."post_id" = $1[0m  [["post_id", 1]]
  [1m[36mPost Update (0.6ms)[0m  [1m[33mUPDATE "posts" SET "comments_counter" = $1, "updated_at" = $2 WHERE "posts"."id" = $3[0m  [["comments_counter", 3], ["updated_at", "2023-06-17 13:07:07.209613"], ["id", 1]]
  [1m[36mUser Update All (0.6ms)[0m  [1m[33mUPDATE "users" SET "posts_counter" = COALESCE("posts_counter", 0) + $1 WHERE "users"."id" = $2[0m  [["posts_counter", 1], ["id", 1]]
  [1m[36mTRANSACTION (0.7ms)[0m  [1m[35mRELEASE SAVEPOINT active_record_1[0m
  [1m[36mTRANSACTION (1.2ms)[0m  [1m[35mSAVEPOINT active_record_1[0m
  [1m[36mComment Create (1.3ms)[0m  [1m[32mINSERT INTO "comments" ("author_id", "post_id", "text", "created_at", "updated_at") VALUES ($1, $2, $3, $4, $5) RETURNING "id"[0m  [["author_id", 2], ["post_id", 1], ["text", "Thanks for sharing!"], ["created_at", "2023-06-17 13:07:07.318985"], ["updated_at", "2023-06-17 13:07:07.318985"]]
  [1m[36mComment Count (0.8ms)[0m  [1m[34mSELECT COUNT(*) FROM "comments" WHERE "comments"."post_id" = $1[0m  [["post_id", 1]]
  [1m[36mPost Update (0.8ms)[0m  [1m[33mUPDATE "posts" SET "comments_counter" = $1, "updated_at" = $2 WHERE "posts"."id" = $3[0m  [["comments_counter", 4], ["updated_at", "2023-06-17 13:07:07.338557"], ["id", 1]]
  [1m[36mUser Update All (0.6ms)[0m  [1m[33mUPDATE "users" SET "posts_counter" = COALESCE("posts_counter", 0) + $1 WHERE "users"."id" = $2[0m  [["posts_counter", 1], ["id", 1]]
  [1m[36mTRANSACTION (0.4ms)[0m  [1m[35mRELEASE SAVEPOINT active_record_1[0m
  [1m[36mTRANSACTION (0.5ms)[0m  [1m[35mSAVEPOINT active_record_1[0m
  [1m[36mComment Create (1.0ms)[0m  [1m[32mINSERT INTO "comments" ("author_id", "post_id", "text", "created_at", "updated_at") VALUES ($1, $2, $3, $4, $5) RETURNING "id"[0m  [["author_id", 2], ["post_id", 1], ["text", "Well done!"], ["created_at", "2023-06-17 13:07:07.430723"], ["updated_at", "2023-06-17 13:07:07.430723"]]
  [1m[36mComment Count (0.6ms)[0m  [1m[34mSELECT COUNT(*) FROM "comments" WHERE "comments"."post_id" = $1[0m  [["post_id", 1]]
  [1m[36mPost Update (0.6ms)[0m  [1m[33mUPDATE "posts" SET "comments_counter" = $1, "updated_at" = $2 WHERE "posts"."id" = $3[0m  [["comments_counter", 5], ["updated_at", "2023-06-17 13:07:07.439156"], ["id", 1]]
  [1m[36mUser Update All (0.8ms)[0m  [1m[33mUPDATE "users" SET "posts_counter" = COALESCE("posts_counter", 0) + $1 WHERE "users"."id" = $2[0m  [["posts_counter", 1], ["id", 1]]
  [1m[36mTRANSACTION (0.4ms)[0m  [1m[35mRELEASE SAVEPOINT active_record_1[0m
  [1m[36mTRANSACTION (0.7ms)[0m  [1m[35mSAVEPOINT active_record_1[0m
  [1m[36mComment Create (1.2ms)[0m  [1m[32mINSERT INTO "comments" ("author_id", "post_id", "text", "created_at", "updated_at") VALUES ($1, $2, $3, $4, $5) RETURNING "id"[0m  [["author_id", 2], ["post_id", 1], ["text", "Looking forward to more posts!"], ["created_at", "2023-06-17 13:07:07.449061"], ["updated_at", "2023-06-17 13:07:07.449061"]]
  [1m[36mComment Count (1.0ms)[0m  [1m[34mSELECT COUNT(*) FROM "comments" WHERE "comments"."post_id" = $1[0m  [["post_id", 1]]
  [1m[36mPost Update (0.7ms)[0m  [1m[33mUPDATE "posts" SET "comments_counter" = $1, "updated_at" = $2 WHERE "posts"."id" = $3[0m  [["comments_counter", 6], ["updated_at", "2023-06-17 13:07:07.460958"], ["id", 1]]
  [1m[36mUser Update All (1.5ms)[0m  [1m[33mUPDATE "users" SET "posts_counter" = COALESCE("posts_counter", 0) + $1 WHERE "users"."id" = $2[0m  [["posts_counter", 1], ["id", 1]]
  [1m[36mTRANSACTION (0.8ms)[0m  [1m[35mRELEASE SAVEPOINT active_record_1[0m
